<?xml version="1.0" encoding="UTF-8" ?>
<testsuite errors="0" failures="1" hostname="slc10wtw" name="com.oracle.pt.bass2.qe.testcase.AllTests" skipped="0" tests="1" time="22.701" timestamp="2018-10-29T06:23:54">
  <properties>
[...]
</properties>
  <testcase classname="com.oracle.pt.bass2.qe.testcase.Login" name="login" time="10.011">
    <failure message="expected:&lt;.../index.php?m=user&amp;c=[index&amp;a=index]&gt; but was:&lt;.../index.php?m=user&amp;c=[public&amp;a=login]&gt;" type="junit.framework.AssertionFailedError">junit.framework.AssertionFailedError: expected:&lt;.../index.php?m=user&amp;c=[index&amp;a=index]&gt; but was:&lt;.../index.php?m=user&amp;c=[public&amp;a=login]&gt;
	at com.oracle.pt.bass2.qe.base.pageobject.LoginPage.login(LoginPage.java:41)
	at com.oracle.pt.bass2.qe.testcase.Login.login(Login.java:18)
	at com.oracle.pt.bass2.qe.rule.RetryRule$1.evaluate(RetryRule.java:31)
	at com.oracle.pt.bass2.qe.runner.TestSuite.run(TestSuite.java:51)
</failure>
  </testcase>
  <system-out><![CDATA[Retry
尝试执行次数 : 3
尝试执行login第1次
尝试执行login第2次
尝试执行login第3次
C:\Users\xiaolson\git\AutomationFramework\FrameworkDemo\image\Login_login_2018-10-29_00_24_10_465.png
org.junit.ComparisonFailure: expected:<.../index.php?m=user&c=[index&a=index]> but was:<.../index.php?m=user&c=[public&a=login]>
	at org.junit.Assert.assertEquals(Assert.java:115)
	at org.junit.Assert.assertEquals(Assert.java:144)
	at com.oracle.pt.bass2.qe.base.pageobject.LoginPage.login(LoginPage.java:41)
	at com.oracle.pt.bass2.qe.testcase.Login.login(Login.java:18)
	at sun.reflect.NativeMethodAccessorImpl.invoke0(Native Method)
	at sun.reflect.NativeMethodAccessorImpl.invoke(NativeMethodAccessorImpl.java:62)
	at sun.reflect.DelegatingMethodAccessorImpl.invoke(DelegatingMethodAccessorImpl.java:43)
	at java.lang.reflect.Method.invoke(Method.java:498)
	at org.junit.runners.model.FrameworkMethod$1.runReflectiveCall(FrameworkMethod.java:47)
	at org.junit.internal.runners.model.ReflectiveCallable.run(ReflectiveCallable.java:12)
	at org.junit.runners.model.FrameworkMethod.invokeExplosively(FrameworkMethod.java:44)
	at org.junit.internal.runners.statements.InvokeMethod.evaluate(InvokeMethod.java:17)
	at com.oracle.pt.bass2.qe.rule.RetryRule$1.evaluate(RetryRule.java:31)
	at org.junit.rules.RunRules.evaluate(RunRules.java:20)
	at org.junit.runners.ParentRunner.runLeaf(ParentRunner.java:271)
	at org.junit.runners.BlockJUnit4ClassRunner.runChild(BlockJUnit4ClassRunner.java:70)
	at org.junit.runners.BlockJUnit4ClassRunner.runChild(BlockJUnit4ClassRunner.java:50)
	at org.junit.runners.ParentRunner$3.run(ParentRunner.java:238)
	at org.junit.runners.ParentRunner$1.schedule(ParentRunner.java:63)
	at org.junit.runners.ParentRunner.runChildren(ParentRunner.java:236)
	at org.junit.runners.ParentRunner.access$000(ParentRunner.java:53)
	at org.junit.runners.ParentRunner$2.evaluate(ParentRunner.java:229)
	at org.junit.internal.runners.statements.RunBefores.evaluate(RunBefores.java:26)
	at org.junit.internal.runners.statements.RunAfters.evaluate(RunAfters.java:27)
	at org.junit.runners.ParentRunner.run(ParentRunner.java:309)
	at org.junit.runners.Suite.runChild(Suite.java:127)
	at org.junit.runners.Suite.runChild(Suite.java:26)
	at org.junit.runners.ParentRunner$3.run(ParentRunner.java:238)
	at org.junit.runners.ParentRunner$1.schedule(ParentRunner.java:63)
	at org.junit.runners.ParentRunner.runChildren(ParentRunner.java:236)
	at org.junit.runners.ParentRunner.access$000(ParentRunner.java:53)
	at org.junit.runners.ParentRunner$2.evaluate(ParentRunner.java:229)
	at com.oracle.pt.bass2.qe.runner.TestSuite.run(TestSuite.java:51)
	at junit.framework.JUnit4TestAdapter.run(JUnit4TestAdapter.java:38)
	at org.apache.tools.ant.taskdefs.optional.junit.JUnitTestRunner.run(JUnitTestRunner.java:534)
	at org.apache.tools.ant.taskdefs.optional.junit.JUnitTestRunner.launch(JUnitTestRunner.java:1196)
	at org.apache.tools.ant.taskdefs.optional.junit.JUnitTestRunner.main(JUnitTestRunner.java:1041)

]]></system-out>
  <system-err><![CDATA[1540794236057	mozrunner::runner	INFO	Running command: "C:\\Program Files\\Mozilla Firefox\\firefox.exe" "-marionette" "-foreground" "-no-remote" "-profile" "C:\\Users\\xiaolson\\AppData\\Local\\Temp\\3\\rust_mozprofile.2U3d8OhUsS0d"
1540794238447	Marionette	INFO	Listening on port 10156
1540794238766	Marionette	WARN	TLS certificate errors will be ignored for this session
Oct 29, 2018 12:23:58 AM org.openqa.selenium.remote.ProtocolHandshake createSession
INFO: Detected dialect: W3C
JavaScript error: http://localhost/index.php?m=user&c=public&a=login, line 433: TypeError: $(...).Validform is not a function
ERROR StatusLogger No Log4j 2 configuration file found. Using default configuration (logging only errors to the console), or user programmatically provided configurations. Set system property 'log4j2.debug' to show Log4j 2 internal initialization logging. See https://logging.apache.org/log4j/2.x/manual/configuration.html for instructions on how to configure Log4j 2
JavaScript error: http://localhost/index.php?m=user&c=public&a=login, line 433: TypeError: $(...).Validform is not a function
JavaScript error: http://localhost/index.php?m=user&c=public&a=login, line 433: TypeError: $(...).Validform is not a function
???????3?κ??????????login????????????
SLF4J: Failed to load class "org.slf4j.impl.StaticLoggerBinder".
SLF4J: Defaulting to no-operation (NOP) logger implementation
SLF4J: See http://www.slf4j.org/codes.html#StaticLoggerBinder for further details.
JavaScript error: http://localhost/index.php?m=user&c=public&a=login, line 433: TypeError: $(...).Validform is not a function
1540794255682	Marionette	INFO	Stopped listening on port 10156
[Child 8944, Chrome_ChildThread] WARNING: pipe error: 109: file z:/build/build/src/ipc/chromium/src/chrome/common/ipc_channel_win.cc, line 346
[Parent 6556, Gecko_IOThread] WARNING: pipe error: 109: file z:/build/build/src/ipc/chromium/src/chrome/common/ipc_channel_win.cc, line 346
[Child 6756, Chrome_ChildThread] WARNING: pipe error: 109: file z:/build/build/src/ipc/chromium/src/chrome/common/ipc_channel_win.cc, line 346
[Parent 6556, Gecko_IOThread] WARNING: pipe error: 109: file z:/build/build/src/ipc/chromium/src/chrome/common/ipc_channel_win.cc, line 346
[Child 120, Chrome_ChildThread] WARNING: pipe error: 109: file z:/build/build/src/ipc/chromium/src/chrome/common/ipc_channel_win.cc, line 346
[Child 120, Chrome_ChildThread] WARNING: pipe error: 109: file z:/build/build/src/ipc/chromium/src/chrome/common/ipc_channel_win.cc, line 346
[GPU 7808, Chrome_ChildThread] WARNING: pipe error: 109: file z:/build/build/src/ipc/chromium/src/chrome/common/ipc_channel_win.cc, line 346

###!!! [Child][RunMessage] Error: Channel closing: too late to send/recv, messages will be lost


###!!! [Child][MessageChannel::SendAndWait] Error: Channel error: cannot send/recv

]]></system-err>
</testsuite>
